==56605== Memcheck, a memory error detector
==56605== Copyright (C) 2002-2024, and GNU GPL'd, by Julian Seward et al.
==56605== Using Valgrind-3.23.0 and LibVEX; rerun with -h for copyright info
==56605== Command: ./server
==56605== Parent PID: 3727
==56605== 
==56605== 
==56605== Process terminating with default action of signal 2 (SIGINT)
==56605==    at 0x49DF064: poll (in /nix/store/wn7v2vhyyyi6clcyn0s9ixvl7d4d87ic-glibc-2.40-36/lib/libc.so.6)
==56605==    by 0x4872327: _lws_plat_service_tsi (in /nix/store/b7kbmm2fw5yx15hl49h8ldzl1l7laihg-libwebsockets-4.3.3/lib/libwebsockets.so.19)
==56605==    by 0x4892634: lws_service (in /nix/store/b7kbmm2fw5yx15hl49h8ldzl1l7laihg-libwebsockets-4.3.3/lib/libwebsockets.so.19)
==56605==    by 0x40123C: main (in /home/tylefnx/Downloads/kayra_tkm/server/bin/server)
==56605== 
==56605== HEAP SUMMARY:
==56605==     in use at exit: 8,506,763 bytes in 794 blocks
==56605==   total heap usage: 1,324 allocs, 530 frees, 8,678,655 bytes allocated
==56605== 
==56605== LEAK SUMMARY:
==56605==    definitely lost: 1,408 bytes in 44 blocks
==56605==    indirectly lost: 26,224 bytes in 396 blocks
==56605==      possibly lost: 4,608 bytes in 2 blocks
==56605==    still reachable: 8,472,507 bytes in 331 blocks
==56605==         suppressed: 0 bytes in 0 blocks
==56605== Rerun with --leak-check=full to see details of leaked memory
==56605== 
==56605== For lists of detected and suppressed errors, rerun with: -s
==56605== ERROR SUMMARY: 0 errors from 0 contexts (suppressed: 0 from 0)
